#
# A fatal error has been detected by the Java Runtime Environment:
#
#  EXCEPTION_ACCESS_VIOLATION (0xc0000005) at pc=0x592c757e, pid=12220, tid=0x00009cc4
#
# JRE version: Java(TM) SE Runtime Environment (8.0_191-b12) (build 1.8.0_191-b12)
# Java VM: Java HotSpot(TM) Client VM (25.191-b12 mixed mode windows-x86 )
# Problematic frame:
# V  [jvm.dll+0xe757e]
#
# Failed to write core dump. Minidumps are not enabled by default on client versions of Windows
#
# If you would like to submit a bug report, please visit:
#   http://bugreport.java.com/bugreport/crash.jsp
#

---------------  T H R E A D  ---------------

Current thread (0x2b34a000):  JavaThread "EventThread COM3" [_thread_in_vm, id=40132, stack(0x030f0000,0x03140000)]

siginfo: ExceptionCode=0xc0000005, reading address 0x00000000

Registers:
EAX=0x00000000, EBX=0x29513088, ECX=0x2b34a000, EDX=0x0000009f
ESP=0x0313e1ac, EBP=0x0313e1c8, ESI=0x00000000, EDI=0x2b34a000
EIP=0x592c757e, EFLAGS=0x00010246

Top of Stack: (sp=0x0313e1ac)
0x0313e1ac:   0313e1e4 2b34a140 29513088 2b34a000
0x0313e1bc:   298add64 0000009f 594c5568 0313f188
0x0313e1cc:   6400183d 2b34a140 00000000 00000000
0x0313e1dc:   00000f58 0313e1e4 4252202c 30562047
0x0313e1ec:   30312e32 7954202c 33206570 4449202c
0x0313e1fc:   440a3120 09657461 656d6954 74634109
0x0313e20c:   706d6554 5b746e49 095d43ba 54746341
0x0313e21c:   45706d65 ba5b7478 54095d43 65677261 

Instructions: (pc=0x592c757e)
0x592c755e:   c4 08 83 7f 04 00 89 7d f0 c7 45 f4 00 00 00 00
0x592c756e:   74 08 8d 4d f0 e8 e8 34 0c 00 8b 75 10 8b 45 0c
0x592c757e:   8b 10 85 f6 78 32 8b 45 14 85 c0 78 2b 8d 0c 06
0x592c758e:   3b 4a 08 77 23 85 c0 7e 3b 8b 4a 04 8b 49 04 83 


Register to memory mapping:

EAX=0x00000000 is an unknown value
EBX=0x29513088 is an unknown value
ECX=0x2b34a000 is a thread
EDX=0x0000009f is an unknown value
ESP=0x0313e1ac is pointing into the stack for thread: 0x2b34a000
EBP=0x0313e1c8 is pointing into the stack for thread: 0x2b34a000
ESI=0x00000000 is an unknown value
EDI=0x2b34a000 is a thread


Stack: [0x030f0000,0x03140000],  sp=0x0313e1ac,  free space=312k
Native frames: (J=compiled Java code, j=interpreted, Vv=VM code, C=native code)
V  [jvm.dll+0xe757e]
C  [jSSC-2.8_x86.dll+0x183d]
J 3050  jssc.SerialNativeInterface.readBytes(JI)[B (0 bytes) @ 0x03752125 [0x03752090+0x95]
J 11377 C1 jssc.SerialPort$EventThread.run()V (84 bytes) @ 0x036f2070 [0x036f1e00+0x270]
v  ~StubRoutines::call_stub
V  [jvm.dll+0x15c315]
V  [jvm.dll+0x223ece]
V  [jvm.dll+0x15c3ae]
V  [jvm.dll+0x15c536]
V  [jvm.dll+0x15c5a7]
V  [jvm.dll+0x1002ef]
V  [jvm.dll+0x17f550]
V  [jvm.dll+0x17fdca]
V  [jvm.dll+0x1c57a6]
C  [msvcr100.dll+0x5c556]
C  [msvcr100.dll+0x5c600]
C  [KERNEL32.DLL+0x1fa29]
C  [ntdll.dll+0x67a9e]
C  [ntdll.dll+0x67a6e]
C  0x00000000

Java frames: (J=compiled Java code, j=interpreted, Vv=VM code)
J 3050  jssc.SerialNativeInterface.readBytes(JI)[B (0 bytes) @ 0x037520e1 [0x03752090+0x51]
J 11377 C1 jssc.SerialPort$EventThread.run()V (84 bytes) @ 0x036f2070 [0x036f1e00+0x270]
v  ~StubRoutines::call_stub

---------------  P R O C E S S  ---------------

Java Threads: ( => current thread )
=>0x2b34a000 JavaThread "EventThread COM3" [_thread_in_vm, id=40132, stack(0x030f0000,0x03140000)]
  0x2b347400 JavaThread "DestroyJavaVM" [_thread_blocked, id=21792, stack(0x02ef0000,0x02f40000)]
  0x26e39800 JavaThread "TimerQueue" daemon [_thread_blocked, id=6552, stack(0x2c650000,0x2c6a0000)]
  0x26e39000 JavaThread "Batik CleanerThread" daemon [_thread_blocked, id=4964, stack(0x2aed0000,0x2af20000)]
  0x26e38800 JavaThread "AWT-EventQueue-0" [_thread_blocked, id=10264, stack(0x2ac00000,0x2ac50000)]
  0x26e3a400 JavaThread "AWT-Shutdown" [_thread_blocked, id=11972, stack(0x2ab70000,0x2abc0000)]
  0x29a41800 JavaThread "JmDNS(LT-RBertrand-2021-openline-lan.local.).State.Timer" [_thread_blocked, id=12812, stack(0x2a850000,0x2a8a0000)]
  0x26d97c00 JavaThread "JmDNS(LT-RBertrand-2021-openline-lan.local.).Timer" daemon [_thread_blocked, id=35536, stack(0x2a2f0000,0x2a340000)]
  0x29a40c00 JavaThread "SocketListener(LT-RBertrand-2021-openline-lan.local.)" daemon [_thread_blocked, id=25220, stack(0x05390000,0x053e0000)]
  0x299ae400 JavaThread "Multihomed mDNS.Timer" daemon [_thread_blocked, id=13144, stack(0x031e0000,0x03230000)]
  0x29986800 JavaThread "cc.arduino.packages.discoverers.serial.SerialDiscovery" [_thread_blocked, id=41112, stack(0x2a410000,0x2a460000)]
  0x2702e400 JavaThread "AWT-Windows" daemon [_thread_in_native, id=27056, stack(0x27530000,0x27580000)]
  0x2702c000 JavaThread "Java2D Disposer" daemon [_thread_blocked, id=41604, stack(0x27410000,0x27460000)]
  0x26854400 JavaThread "Service Thread" daemon [_thread_blocked, id=8580, stack(0x26cb0000,0x26d00000)]
  0x26831c00 JavaThread "C1 CompilerThread0" daemon [_thread_blocked, id=18440, stack(0x26c20000,0x26c70000)]
  0x26830400 JavaThread "Attach Listener" daemon [_thread_blocked, id=3272, stack(0x26b90000,0x26be0000)]
  0x2682e400 JavaThread "Signal Dispatcher" daemon [_thread_blocked, id=16868, stack(0x26b00000,0x26b50000)]
  0x2681c800 JavaThread "Finalizer" daemon [_thread_blocked, id=24016, stack(0x25b80000,0x25bd0000)]
  0x26816c00 JavaThread "Reference Handler" daemon [_thread_blocked, id=39268, stack(0x25af0000,0x25b40000)]

Other Threads:
  0x26800c00 VMThread [stack: 0x25a60000,0x25ab0000] [id=34644]
  0x26860000 WatcherThread [stack: 0x26d40000,0x26d90000] [id=2436]

VM state:synchronizing (normal execution)

VM Mutex/Monitor currently owned by a thread:  ([mutex/lock_event])
[0x02fed7d8] Threads_lock - owner thread: 0x26800c00
[0x02fedcb8] Heap_lock - owner thread: 0x29986800

Heap:
 def new generation   total 157248K, used 157248K [0x05600000, 0x100a0000, 0x100a0000)
  eden space 139776K, 100% used [0x05600000, 0x0de80000, 0x0de80000)
  from space 17472K, 100% used [0x0de80000, 0x0ef90000, 0x0ef90000)
  to   space 17472K,   0% used [0x0ef90000, 0x0ef90000, 0x100a0000)
 tenured generation   total 349568K, used 349567K [0x100a0000, 0x25600000, 0x25600000)
   the space 349568K,  99% used [0x100a0000, 0x255ffff8, 0x25600000, 0x25600000)
 Metaspace       used 23151K, capacity 23742K, committed 23808K, reserved 23936K

Card table byte_map: [0x05410000,0x05520000] byte_map_base: 0x053e5000

Polling page: 0x01430000

CodeCache: size=32768Kb used=3442Kb max_used=5172Kb free=29325Kb
 bounds [0x03250000, 0x03760000, 0x05250000]
 total_blobs=2126 nmethods=1829 adapters=224
 compilation: enabled

Compilation events (10 events):
Event: 5438.342 Thread 0x26831c00 15425             javax.swing.text.TextLayoutStrategy::layout (6 bytes)
Event: 5438.342 Thread 0x26831c00 nmethod 15425 0x03734288 code [0x03734380, 0x0373440c]
Event: 5438.342 Thread 0x26831c00 15426             javax.swing.plaf.basic.BasicTextAreaUI$PlainParagraph::getFlowSpan (33 bytes)
Event: 5438.342 Thread 0x26831c00 nmethod 15426 0x03733f48 code [0x03734060, 0x037341a8]
Event: 5439.328 Thread 0x26831c00 15427             java.nio.Buffer::position (5 bytes)
Event: 5439.328 Thread 0x26831c00 nmethod 15427 0x03733d88 code [0x03733e80, 0x03733f00]
Event: 5442.940 Thread 0x26831c00 15428             java.nio.Buffer::remaining (10 bytes)
Event: 5442.940 Thread 0x26831c00 nmethod 15428 0x03393c08 code [0x03393d00, 0x03393d80]
Event: 5443.817 Thread 0x26831c00 15429             processing.app.Serial::processSerialEvent (156 bytes)
Event: 5443.817 Thread 0x26831c00 nmethod 15429 0x03421108 code [0x03421260, 0x0342155c]

GC Heap History (10 events):
Event: 5456.105 GC heap before
{Heap before GC invocations=456 (full 167):
 def new generation   total 157248K, used 157247K [0x05600000, 0x100a0000, 0x100a0000)
  eden space 139776K, 100% used [0x05600000, 0x0de80000, 0x0de80000)
  from space 17472K,  99% used [0x0de80000, 0x0ef8ff78, 0x0ef90000)
  to   space 17472K,   0% used [0x0ef90000, 0x0ef90000, 0x100a0000)
 tenured generation   total 349568K, used 349567K [0x100a0000, 0x25600000, 0x25600000)
   the space 349568K,  99% used [0x100a0000, 0x255ffff8, 0x25600000, 0x25600000)
 Metaspace       used 23151K, capacity 23742K, committed 23808K, reserved 23936K
Event: 5456.460 GC heap after
Heap after GC invocations=457 (full 168):
 def new generation   total 157248K, used 157247K [0x05600000, 0x100a0000, 0x100a0000)
  eden space 139776K, 100% used [0x05600000, 0x0de80000, 0x0de80000)
  from space 17472K,  99% used [0x0de80000, 0x0ef8fcd8, 0x0ef90000)
  to   space 17472K,   0% used [0x0ef90000, 0x0ef90000, 0x100a0000)
 tenured generation   total 349568K, used 349567K [0x100a0000, 0x25600000, 0x25600000)
   the space 349568K,  99% used [0x100a0000, 0x255ffff8, 0x25600000, 0x25600000)
 Metaspace       used 23151K, capacity 23742K, committed 23808K, reserved 23936K
}
Event: 5456.460 GC heap before
{Heap before GC invocations=457 (full 168):
 def new generation   total 157248K, used 157247K [0x05600000, 0x100a0000, 0x100a0000)
  eden space 139776K, 100% used [0x05600000, 0x0de80000, 0x0de80000)
  from space 17472K,  99% used [0x0de80000, 0x0ef8fff0, 0x0ef90000)
  to   space 17472K,   0% used [0x0ef90000, 0x0ef90000, 0x100a0000)
 tenured generation   total 349568K, used 349567K [0x100a0000, 0x25600000, 0x25600000)
   the space 349568K,  99% used [0x100a0000, 0x255ffff8, 0x25600000, 0x25600000)
 Metaspace       used 23151K, capacity 23742K, committed 23808K, reserved 23936K
Event: 5456.794 GC heap after
Heap after GC invocations=458 (full 169):
 def new generation   total 157248K, used 157247K [0x05600000, 0x100a0000, 0x100a0000)
  eden space 139776K, 100% used [0x05600000, 0x0de80000, 0x0de80000)
  from space 17472K,  99% used [0x0de80000, 0x0ef8feb0, 0x0ef90000)
  to   space 17472K,   0% used [0x0ef90000, 0x0ef90000, 0x100a0000)
 tenured generation   total 349568K, used 349567K [0x100a0000, 0x25600000, 0x25600000)
   the space 349568K,  99% used [0x100a0000, 0x255ffff8, 0x25600000, 0x25600000)
 Metaspace       used 23151K, capacity 23742K, committed 23808K, reserved 23936K
}
Event: 5456.795 GC heap before
{Heap before GC invocations=458 (full 169):
 def new generation   total 157248K, used 157247K [0x05600000, 0x100a0000, 0x100a0000)
  eden space 139776K, 100% used [0x05600000, 0x0de80000, 0x0de80000)
  from space 17472K,  99% used [0x0de80000, 0x0ef8ff70, 0x0ef90000)
  to   space 17472K,   0% used [0x0ef90000, 0x0ef90000, 0x100a0000)
 tenured generation   total 349568K, used 349567K [0x100a0000, 0x25600000, 0x25600000)
   the space 349568K,  99% used [0x100a0000, 0x255ffff8, 0x25600000, 0x25600000)
 Metaspace       used 23151K, capacity 23742K, committed 23808K, reserved 23936K
Event: 5457.159 GC heap after
Heap after GC invocations=459 (full 170):
 def new generation   total 157248K, used 157247K [0x05600000, 0x100a0000, 0x100a0000)
  eden space 139776K, 100% used [0x05600000, 0x0de80000, 0x0de80000)
  from space 17472K,  99% used [0x0de80000, 0x0ef8fe58, 0x0ef90000)
  to   space 17472K,   0% used [0x0ef90000, 0x0ef90000, 0x100a0000)
 tenured generation   total 349568K, used 349567K [0x100a0000, 0x25600000, 0x25600000)
   the space 349568K,  99% used [0x100a0000, 0x255ffff8, 0x25600000, 0x25600000)
 Metaspace       used 23151K, capacity 23742K, committed 23808K, reserved 23936K
}
Event: 5457.160 GC heap before
{Heap before GC invocations=459 (full 170):
 def new generation   total 157248K, used 157247K [0x05600000, 0x100a0000, 0x100a0000)
  eden space 139776K, 100% used [0x05600000, 0x0de80000, 0x0de80000)
  from space 17472K,  99% used [0x0de80000, 0x0ef8ffe0, 0x0ef90000)
  to   space 17472K,   0% used [0x0ef90000, 0x0ef90000, 0x100a0000)
 tenured generation   total 349568K, used 349567K [0x100a0000, 0x25600000, 0x25600000)
   the space 349568K,  99% used [0x100a0000, 0x255ffff8, 0x25600000, 0x25600000)
 Metaspace       used 23151K, capacity 23742K, committed 23808K, reserved 23936K
Event: 5457.613 GC heap after
Heap after GC invocations=460 (full 171):
 def new generation   total 157248K, used 157247K [0x05600000, 0x100a0000, 0x100a0000)
  eden space 139776K, 100% used [0x05600000, 0x0de80000, 0x0de80000)
  from space 17472K,  99% used [0x0de80000, 0x0ef8ffc8, 0x0ef90000)
  to   space 17472K,   0% used [0x0ef90000, 0x0ef90000, 0x100a0000)
 tenured generation   total 349568K, used 349567K [0x100a0000, 0x25600000, 0x25600000)
   the space 349568K,  99% used [0x100a0000, 0x255ffff8, 0x25600000, 0x25600000)
 Metaspace       used 23151K, capacity 23742K, committed 23808K, reserved 23936K
}
Event: 5457.613 GC heap before
{Heap before GC invocations=460 (full 171):
 def new generation   total 157248K, used 157247K [0x05600000, 0x100a0000, 0x100a0000)
  eden space 139776K, 100% used [0x05600000, 0x0de80000, 0x0de80000)
  from space 17472K,  99% used [0x0de80000, 0x0ef8ffc8, 0x0ef90000)
  to   space 17472K,   0% used [0x0ef90000, 0x0ef90000, 0x100a0000)
 tenured generation   total 349568K, used 349567K [0x100a0000, 0x25600000, 0x25600000)
   the space 349568K,  99% used [0x100a0000, 0x255ffff8, 0x25600000, 0x25600000)
 Metaspace       used 23151K, capacity 23742K, committed 23808K, reserved 23936K
Event: 5457.971 GC heap after
Heap after GC invocations=461 (full 172):
 def new generation   total 157248K, used 157247K [0x05600000, 0x100a0000, 0x100a0000)
  eden space 139776K, 100% used [0x05600000, 0x0de80000, 0x0de80000)
  from space 17472K,  99% used [0x0de80000, 0x0ef8ffc8, 0x0ef90000)
  to   space 17472K,   0% used [0x0ef90000, 0x0ef90000, 0x100a0000)
 tenured generation   total 349568K, used 349567K [0x100a0000, 0x25600000, 0x25600000)
   the space 349568K,  99% used [0x100a0000, 0x255ffff8, 0x25600000, 0x25600000)
 Metaspace       used 23151K, capacity 23742K, committed 23808K, reserved 23936K
}

Deoptimization events (0 events):
No events

Classes redefined (0 events):
No events

Internal exceptions (10 events):
Event: 5379.972 Thread 0x2b348000 Exception <a 'sun/nio/fs/WindowsException'> (0x06e68050) thrown at [C:\workspace\8-2-build-windows-i586-cygwin\jdk8u191\11896\hotspot\src\share\vm\prims\jni.cpp, line 709]
Event: 5379.972 Thread 0x2b348000 Exception <a 'sun/nio/fs/WindowsException'> (0x06e68760) thrown at [C:\workspace\8-2-build-windows-i586-cygwin\jdk8u191\11896\hotspot\src\share\vm\prims\jni.cpp, line 709]
Event: 5379.974 Thread 0x2b348000 Exception <a 'sun/nio/fs/WindowsException'> (0x06e80ae8) thrown at [C:\workspace\8-2-build-windows-i586-cygwin\jdk8u191\11896\hotspot\src\share\vm\prims\jni.cpp, line 709]
Event: 5379.974 Thread 0x2b348000 Exception <a 'sun/nio/fs/WindowsException'> (0x06e81208) thrown at [C:\workspace\8-2-build-windows-i586-cygwin\jdk8u191\11896\hotspot\src\share\vm\prims\jni.cpp, line 709]
Event: 5379.975 Thread 0x2b348000 Exception <a 'sun/nio/fs/WindowsException'> (0x06e9b098) thrown at [C:\workspace\8-2-build-windows-i586-cygwin\jdk8u191\11896\hotspot\src\share\vm\prims\jni.cpp, line 709]
Event: 5379.976 Thread 0x2b348000 Exception <a 'sun/nio/fs/WindowsException'> (0x06e9b7a8) thrown at [C:\workspace\8-2-build-windows-i586-cygwin\jdk8u191\11896\hotspot\src\share\vm\prims\jni.cpp, line 709]
Event: 5379.977 Thread 0x2b348000 Exception <a 'sun/nio/fs/WindowsException'> (0x06ea64c0) thrown at [C:\workspace\8-2-build-windows-i586-cygwin\jdk8u191\11896\hotspot\src\share\vm\prims\jni.cpp, line 709]
Event: 5379.977 Thread 0x2b348000 Exception <a 'sun/nio/fs/WindowsException'> (0x06ea6bf8) thrown at [C:\workspace\8-2-build-windows-i586-cygwin\jdk8u191\11896\hotspot\src\share\vm\prims\jni.cpp, line 709]
Event: 5455.331 Thread 0x29a41800 Exception <a 'java/lang/OutOfMemoryError'> (0x10130ea0) thrown at [C:\workspace\8-2-build-windows-i586-cygwin\jdk8u191\11896\hotspot\src\share\vm\gc_interface/collectedHeap.inline.hpp, line 159]
Event: 5457.971 Thread 0x2b34a000 Exception <a 'java/lang/OutOfMemoryError'> (0x10130e80) thrown at [C:\workspace\8-2-build-windows-i586-cygwin\jdk8u191\11896\hotspot\src\share\vm\gc_interface/collectedHeap.inline.hpp, line 159]

Events (10 events):
Event: 5456.105 Executing VM operation: GenCollectForAllocation done
Event: 5456.105 Executing VM operation: GenCollectForAllocation
Event: 5456.460 Executing VM operation: GenCollectForAllocation done
Event: 5456.460 Executing VM operation: GenCollectForAllocation
Event: 5456.794 Executing VM operation: GenCollectForAllocation done
Event: 5456.795 Executing VM operation: GenCollectForAllocation
Event: 5457.159 Executing VM operation: GenCollectForAllocation done
Event: 5457.160 Executing VM operation: GenCollectForAllocation
Event: 5457.971 Executing VM operation: GenCollectForAllocation done
Event: 5457.971 Executing VM operation: GenCollectForAllocation


Dynamic libraries:
0x006d0000 - 0x00703000 	C:\Program Files (x86)\Arduino\java\bin\javaw.exe
0x77230000 - 0x773d4000 	C:\Windows\SYSTEM32\ntdll.dll
0x753f0000 - 0x754e0000 	C:\Windows\System32\KERNEL32.DLL
0x76990000 - 0x76ba9000 	C:\Windows\System32\KERNELBASE.dll
0x754e0000 - 0x7555b000 	C:\Windows\System32\ADVAPI32.dll
0x76260000 - 0x7631f000 	C:\Windows\System32\msvcrt.dll
0x76bc0000 - 0x76c36000 	C:\Windows\System32\sechost.dll
0x75250000 - 0x7530e000 	C:\Windows\System32\RPCRT4.dll
0x756a0000 - 0x7583c000 	C:\Windows\System32\USER32.dll
0x75380000 - 0x75398000 	C:\Windows\System32\win32u.dll
0x767b0000 - 0x767d3000 	C:\Windows\System32\GDI32.dll
0x76d40000 - 0x76e1c000 	C:\Windows\System32\gdi32full.dll
0x761e0000 - 0x7625b000 	C:\Windows\System32\msvcp_win.dll
0x76f90000 - 0x770b0000 	C:\Windows\System32\ucrtbase.dll
0x6bd30000 - 0x6bf40000 	C:\Windows\WinSxS\x86_microsoft.windows.common-controls_6595b64144ccf1df_6.0.19041.1110_none_a8625c1886757984\COMCTL32.dll
0x75570000 - 0x75595000 	C:\Windows\System32\IMM32.DLL
0x595c0000 - 0x5967f000 	C:\Program Files (x86)\Arduino\java\bin\msvcr100.dll
0x591e0000 - 0x595b3000 	C:\Program Files (x86)\Arduino\java\bin\client\jvm.dll
0x76bb0000 - 0x76bb6000 	C:\Windows\System32\PSAPI.DLL
0x6ba20000 - 0x6ba48000 	C:\Windows\SYSTEM32\WINMM.dll
0x74ff0000 - 0x74ff8000 	C:\Windows\SYSTEM32\VERSION.dll
0x591d0000 - 0x591d8000 	C:\Windows\SYSTEM32\WSOCK32.dll
0x75310000 - 0x75373000 	C:\Windows\System32\WS2_32.dll
0x591a0000 - 0x591d0000 	C:\Program Files (x86)\Arduino\java\bin\splashscreen.dll
0x6c610000 - 0x6c684000 	C:\Windows\system32\uxtheme.dll
0x75ec0000 - 0x7613f000 	C:\Windows\System32\combase.dll
0x59190000 - 0x5919c000 	C:\Program Files (x86)\Arduino\java\bin\verify.dll
0x59160000 - 0x59182000 	C:\Program Files (x86)\Arduino\java\bin\java.dll
0x755c0000 - 0x75694000 	C:\Windows\System32\MSCTF.dll
0x76140000 - 0x761d6000 	C:\Windows\System32\OLEAUT32.dll
0x59140000 - 0x59154000 	C:\Program Files (x86)\Arduino\java\bin\zip.dll
0x75000000 - 0x7500f000 	C:\Windows\SYSTEM32\kernel.appcore.dll
0x75100000 - 0x7515f000 	C:\Windows\System32\bcryptPrimitives.dll
0x69960000 - 0x69a19000 	C:\Windows\SYSTEM32\textinputframework.dll
0x691e0000 - 0x6945e000 	C:\Windows\System32\CoreUIComponents.dll
0x69540000 - 0x695db000 	C:\Windows\System32\CoreMessaging.dll
0x75e30000 - 0x75eb7000 	C:\Windows\System32\SHCORE.dll
0x71ab0000 - 0x71ad9000 	C:\Windows\SYSTEM32\ntmarta.dll
0x69460000 - 0x6953b000 	C:\Windows\SYSTEM32\wintypes.dll
0x69900000 - 0x69953000 	C:\Windows\system32\Oleacc.dll
0x75860000 - 0x75e16000 	C:\Windows\System32\SHELL32.dll
0x71b80000 - 0x7218c000 	C:\Windows\SYSTEM32\windows.storage.dll
0x71b50000 - 0x71b77000 	C:\Windows\SYSTEM32\Wldp.dll
0x753a0000 - 0x753e5000 	C:\Windows\System32\shlwapi.dll
0x713e0000 - 0x713f8000 	C:\Windows\SYSTEM32\profapi.dll
0x61940000 - 0x619b3000 	C:\Program Files (x86)\Arduino\lib\listSerialsj.dll
0x76320000 - 0x76759000 	C:\Windows\System32\SETUPAPI.dll
0x76950000 - 0x7698b000 	C:\Windows\System32\cfgmgr32.dll
0x755a0000 - 0x755b9000 	C:\Windows\System32\bcrypt.dll
0x59120000 - 0x5913d000 	C:\Program Files (x86)\Arduino\lib\jnidispatch-4.2.2-win32-x86.dll
0x75160000 - 0x75243000 	C:\Windows\System32\Ole32.dll
0x59100000 - 0x59115000 	C:\Program Files (x86)\Arduino\java\bin\net.dll
0x74580000 - 0x745d2000 	C:\Windows\system32\mswsock.dll
0x590f0000 - 0x590ff000 	C:\Program Files (x86)\Arduino\java\bin\nio.dll
0x58fa0000 - 0x590e7000 	C:\Program Files (x86)\Arduino\java\bin\awt.dll
0x6b830000 - 0x6b8cf000 	C:\Windows\SYSTEM32\apphelp.dll
0x69b00000 - 0x69b26000 	C:\Windows\system32\DWMAPI.DLL
0x58f60000 - 0x58f99000 	C:\Program Files (x86)\Arduino\java\bin\fontmanager.dll
0x58e50000 - 0x58f54000 	C:\Windows\system32\opengl32.dll
0x58e10000 - 0x58e4f000 	C:\Windows\SYSTEM32\GLU32.dll
0x58dd0000 - 0x58e02000 	C:\Program Files (x86)\Arduino\java\bin\t2k.dll
0x696d0000 - 0x696f4000 	C:\Windows\SYSTEM32\DEVOBJ.dll
0x76760000 - 0x767ad000 	C:\Windows\System32\WINTRUST.dll
0x76c40000 - 0x76d3a000 	C:\Windows\System32\CRYPT32.dll
0x6ea10000 - 0x6ea1e000 	C:\Windows\SYSTEM32\MSASN1.dll
0x745e0000 - 0x74612000 	C:\Windows\SYSTEM32\IPHLPAPI.DLL
0x75e20000 - 0x75e27000 	C:\Windows\System32\NSI.dll
0x704a0000 - 0x704b4000 	C:\Windows\SYSTEM32\dhcpcsvc6.DLL
0x70480000 - 0x70496000 	C:\Windows\SYSTEM32\dhcpcsvc.DLL
0x6f8f0000 - 0x6f980000 	C:\Windows\SYSTEM32\DNSAPI.dll
0x71580000 - 0x71593000 	C:\Windows\SYSTEM32\CRYPTSP.dll
0x71550000 - 0x7157f000 	C:\Windows\system32\rsaenh.dll
0x72250000 - 0x72275000 	C:\Windows\SYSTEM32\USERENV.dll
0x71400000 - 0x7140a000 	C:\Windows\SYSTEM32\CRYPTBASE.dll
0x6f9d0000 - 0x6f9e1000 	C:\Windows\system32\napinsp.dll
0x6f9b0000 - 0x6f9c6000 	C:\Windows\system32\pnrpnsp.dll
0x6f9a0000 - 0x6f9b0000 	C:\Windows\system32\wshbth.dll
0x6f980000 - 0x6f996000 	C:\Windows\system32\NLAapi.dll
0x6f8e0000 - 0x6f8ee000 	C:\Windows\System32\winrnr.dll
0x6c500000 - 0x6c559000 	C:\Windows\System32\fwpuclnt.dll
0x6f880000 - 0x6f888000 	C:\Windows\System32\rasadhlp.dll
0x58c50000 - 0x58c70000 	C:\Program Files (x86)\Arduino\java\bin\sunec.dll
0x58c40000 - 0x58c49000 	C:\Program Files (x86)\Arduino\java\bin\sunmscapi.dll
0x58d60000 - 0x58dc9000 	C:\Program Files (x86)\Arduino\msvcp100.dll
0x58ca0000 - 0x58d5e000 	C:\Program Files (x86)\Arduino\msvcr100.dll
0x2ad50000 - 0x2ad82000 	C:\Program Files (x86)\Arduino\lib\AStylej.dll
0x58c70000 - 0x58c94000 	C:\Program Files (x86)\Arduino\java\bin\dcpr.dll
0x76f10000 - 0x76f8e000 	C:\Windows\System32\clbcatq.dll
0x67620000 - 0x67791000 	C:\Windows\SYSTEM32\WindowsCodecs.dll
0x62610000 - 0x62641000 	C:\Windows\system32\dataexchange.dll
0x62430000 - 0x62610000 	C:\Windows\system32\d3d11.dll
0x622c0000 - 0x62425000 	C:\Windows\system32\dcomp.dll
0x6a4d0000 - 0x6a593000 	C:\Windows\system32\dxgi.dll
0x62130000 - 0x622bf000 	C:\Windows\system32\twinapi.appcore.dll
0x64000000 - 0x6401b000 	C:\Program Files (x86)\Arduino\lib\jSSC-2.8_x86.dll
0x6bba0000 - 0x6bd28000 	C:\Windows\SYSTEM32\dbghelp.dll

VM Arguments:
jvm_args: -Dsun.java2d.d3d=false -Djna.nosys=true -Djna.nounpack=true -Djna.boot.library.name=jnidispatch-4.2.2-win32-x86 -Djna.boot.library.path=C:\Program Files (x86)\Arduino/lib -Djssc.library.path=C:\Program Files (x86)\Arduino/lib -DAPP_DIR=C:\Program Files (x86)\Arduino -Xms128M -Xmx512M -Dfile.encoding=UTF8 -Djava.net.preferIPv4Stack=true 
java_command: processing.app.Base C:\Git\ESPWebDAV\ESPWebDAV\ESPWebDAV.ino
java_class_path (initial): C:\Program Files (x86)\Arduino\lib\apple.jar;C:\Program Files (x86)\Arduino\lib\arduino-core.jar;C:\Program Files (x86)\Arduino\lib\batik-1.8.jar;C:\Program Files (x86)\Arduino\lib\batik-anim-1.8.jar;C:\Program Files (x86)\Arduino\lib\batik-awt-util-1.8.jar;C:\Program Files (x86)\Arduino\lib\batik-bridge-1.8.jar;C:\Program Files (x86)\Arduino\lib\batik-codec-1.8.jar;C:\Program Files (x86)\Arduino\lib\batik-css-1.8.jar;C:\Program Files (x86)\Arduino\lib\batik-dom-1.8.jar;C:\Program Files (x86)\Arduino\lib\batik-ext-1.8.jar;C:\Program Files (x86)\Arduino\lib\batik-gvt-1.8.jar;C:\Program Files (x86)\Arduino\lib\batik-parser-1.8.jar;C:\Program Files (x86)\Arduino\lib\batik-rasterizer-1.8.jar;C:\Program Files (x86)\Arduino\lib\batik-script-1.8.jar;C:\Program Files (x86)\Arduino\lib\batik-squiggle-1.8.jar;C:\Program Files (x86)\Arduino\lib\batik-svg-dom-1.8.jar;C:\Program Files (x86)\Arduino\lib\batik-svgpp-1.8.jar;C:\Program Files (x86)\Arduino\lib\batik-transcoder-1.8.jar;C:\Program Files (x86)\Arduino\lib\batik-util-1.8.jar;C:\Program Files (x86)\Arduino\lib\batik-xml-1.8.jar;C:\Program Files (x86)\Arduino\lib\bcpg-jdk15on-152.jar;C:\Program Files (x86)\Arduino\lib\bcprov-jdk15on-152.jar;C:\Program Files (x86)\Arduino\lib\commons-codec-1.7.jar;C:\Program Files (x86)\Arduino\lib\commons-compress-1.8.jar;C:\Program Files (x86)\Arduino\lib\commons-exec-1.1.jar;C:\Program Files (x86)\Arduino\lib\commons-httpclient-3.1.jar;C:\Program Files (x86)\Arduino\lib\commons-lang3-3.8.1.jar;C:\Program Files (x86)\Arduino\lib\commons-logging-1.0.4.jar;C:\Program Files (x86)\Arduino\lib\commons-net-3.3.jar;C:\Program Files (x86)\Arduino\lib\commons-io-2.6.jar;C:\Program Files (x86)\Arduino\lib\jackson-annotations-2.9.5.jar;C:\Program Files (x86)\Arduino\lib\jackson-core-2.9.5.jar;C:\Program Files (x86)\Arduino\lib\jackson-databind-2.9.5.jar;C:\Program Files (x86)\Arduino\lib\java-semver-0.8.0.jar;C:\Program Files (x86)\Arduino\lib\jmdns-3.5.5.jar;C:\Program
Launcher Type: SUN_STANDARD

Environment Variables:
PATH=C:\Program Files (x86)\Common Files\Oracle\Java\javapath;C:\Windows\system32;C:\Windows;C:\Windows\System32\Wbem;C:\Windows\System32\WindowsPowerShell\v1.0\;C:\Windows\System32\OpenSSH\;C:\Program Files (x86)\NVIDIA Corporation\PhysX\Common;C:\Program Files\NVIDIA Corporation\NVIDIA NvDLISR;C:\Program Files\dotnet\;C:\Program Files\Microsoft SQL Server\130\Tools\Binn\;C:\Program Files\Microsoft SQL Server\Client SDK\ODBC\170\Tools\Binn\;C:\Program Files (x86)\Microsoft SQL Server\110\DTS\Binn\;C:\Program Files (x86)\Microsoft SQL Server\120\DTS\Binn\;C:\Program Files (x86)\Microsoft SQL Server\130\DTS\Binn\;C:\Program Files (x86)\Microsoft SQL Server\140\DTS\Binn\;C:\Program Files (x86)\Microsoft SQL Server\150\DTS\Binn\;C:\Program Files\Azure Data Studio\bin;C:\Program Files\nodejs\;C:\ProgramData\chocolatey\bin;C:\Users\ramon.bertrand\AppData\Local\Programs\Python\Python310\Scripts\;C:\Users\ramon.bertrand\AppData\Local\Programs\Python\Python310\;C:\Users\ramon.bertrand\AppData\Local\Microsoft\WindowsApps;C:\Users\ramon.bertrand\.dotnet\tools;C:\Program Files\Azure Data Studio\bin;C:\Users\ramon.bertrand\AppData\Local\gitkraken\bin;C:\Users\ramon.bertrand\AppData\Local\Programs\Microsoft VS Code\bin;C:\Program Files (x86)\Arduino\java\bin
USERNAME=ramon.bertrand
OS=Windows_NT
PROCESSOR_IDENTIFIER=Intel64 Family 6 Model 141 Stepping 1, GenuineIntel



---------------  S Y S T E M  ---------------

OS: Windows 10.0 , 64 bit Build 19041 (10.0.19041.1889)

CPU:total 16 (initial active 16) (8 cores per cpu, 2 threads per core) family 6 model 141 stepping 1, cmov, cx8, fxsr, mmx, sse, sse2, sse3, ssse3, sse4.1, sse4.2, popcnt, avx, avx2, aes, clmul, erms, 3dnowpref, lzcnt, ht, tsc, tscinvbit, bmi1, bmi2, adx

Memory: 4k page, physical 16490316k(1904492k free), swap 34636168k(4362812k free)

vm_info: Java HotSpot(TM) Client VM (25.191-b12) for windows-x86 JRE (1.8.0_191-b12), built on Oct  6 2018 08:34:23 by "java_re" with MS VC++ 10.0 (VS2010)

time: Wed Aug 17 15:09:24 2022
elapsed time: 5457 seconds (0d 1h 30m 57s)

